Warning: KiotaBuilder                   ▒▒░░▒▒        ░░        ▒▒░░▒▒                  
                    ▒▒        ██████        ▒▒                    
                  ██████      ██▒▒██      ██████                  
                  ██▒▒██      ██▒▒██      ██▒▒██                  
                  ██▒▒██      ██▒▒██      ██▒▒██                  
                  ██▒▒██      ██▒▒██      ██▒▒██                  
                  ██▒▒████▒▒▒▒██▒▒████▒▒▒▒██▒▒██                  
              ▓▓▓▓██▒▒██▓▓░░▒▒██▒▒██▓▓░░▒▒██▒▒██▓▓▓▓              
          ████▒▒  ██▒▒██  ▒▒  ██▒▒██  ▒▒  ██▒▒██  ▒▒████          
        ██  ▒▒  ▒▒██▒▒██▒▒  ▒▒██▒▒██▒▒  ▒▒██▒▒██▒▒  ▒▒  ██        
        ██░░░░░░░░██▒▒██░░░░░░▓▓████░░░░░░▓▓████░░░░░░░░██        
        ██▒▒▒▒  ▒▒  ████▒▒  ▒▒  ▒▒  ▒▒  ▒▒  ▒▒  ▒▒  ▒▒▒▒██        
        ██▒▒▒▒▒▒  ▒▒  ▒▒  ▒▒  ▒▒  ▒▒  ▒▒  ▒▒  ▒▒  ▒▒▒▒▒▒██        
        ██    ▒▒▒▒▒▒▒▒  ▒▒  ▒▒  ▒▒  ▒▒  ▒▒  ▒▒▒▒▒▒▒▒    ██        
        ██    ░░░░░░▒▒▒▒▒▒▒▒▒▒▒▒▒▒▒▒▒▒▒▒▒▒▒▒▒▒░░░░░░    ██        
        ██                                              ██        
        ██    ░░              ░░              ░░        ██        
      ██        ▒▒              ▒▒              ▒▒        ██      
      ██▒▒▒▒          ▒▒▒▒▒▒          ▒▒▒▒▒▒          ▒▒▒▒██      
      ██░░░░▒▒      ▒▒░░░░░░▒▒      ▒▒░░░░░░▒▒      ▒▒░░░░██      
      ██▒▒░░░░▒▒▒▒▒▒░░░░░░░░░░▒▒▒▒▒▒░░░░░░░░░░▒▒▒▒▒▒░░▒▒░░██      
      ██░░▒▒░░░░░░░░░░░░▒▒░░░░░░░░░░░░░░▒▒░░░░░░░░░░░░░░▒▒██      
    ██▒▒██░░░░░░░░░░░░░░░░▒▒░░░░░░░░░░░░░░▒▒░░░░░░░░░░░░██▒▒██    
  ██░░▒▒▒▒████░░░░░░░░░░░░░░░░░░░░░░░░░░░░░░░░░░░░░░████▒▒▒▒░░██  
  ██░░░░▒▒▒▒▒▒██████░░░░░░░░░░░░░░░░░░░░░░░░░░██████▒▒▒▒▒▒░░░░██  
    ██░░▒▒▒▒▒▒▒▒▒▒▒▒██████████████████████████▒▒▒▒▒▒▒▒▒▒▒▒▒▒██    
      ████░░░░░░░░░░▒▒▒▒▒▒▒▒▒▒▒▒▒▒▒▒▒▒▒▒▒▒▒▒▒▒░░░░░░░░░░████      
          ████████░░░░░░░░░░░░░░░░░░░░░░░░░░░░░░████████          
                  ██████████████████████████████                  
 ________________________________________________________________ 
 |                                                              | 
 |                                                              | 
 |                    HAPPY BIRTHDAY KIOTA!                     | 
 |                                                              | 
 |--------------------------------------------------------------| 
 |                                                              | 
 |          MADE WITH LOVE BY THE MICROSOFT GRAPH TEAM          | 
 |                  FROM CANADA, KENYA, UK & US                 | 
 |                          2023-03-09                          | 
 |                                                              | 
 |--------------------------------------------------------------| 
 |                                                              | 
 |                        NOW THE CREDITS                       | 
 |                                                              | 
 |--------------------------------------------------------------| 
 |                                                              | 
 |                          CO-FOUNDERS                         | 
 |                                                              | 
 |                         Darrel Miller                        | 
 |                         Vincent Biret                        | 
 |                                                              | 
 |                      PROGRAM MANAGEMENT                      | 
 |                                                              | 
 |                         Rabeb Othmani                        | 
 |                        Sébastien Levert                      | 
 |                                                              | 
 |                PROGRAM MANAGEMENT (LANGUAGES)                | 
 |                                                              | 
 |                        Carol Kigoonya                        | 
 |                        Isaac Vargas                          | 
 |                        Maisa Rissi                           | 
 |                                                              | 
 |                         ENGINEERING                          | 
 |                                                              | 
 |                        Andrew Omondi                         | 
 |                        DeVere Dyett                          | 
 |                        Caleb Kiage                           | 
 |                        Irvine Sunday                         | 
 |                        Japheth Obala                         | 
 |                        Maggie Kimani                         | 
 |                        Millicent Achieng                     | 
 |                        Nikitha Chettiar                      | 
 |                        Philip Gichuhi                        | 
 |                        Ramses Sanchez                        | 
 |                        Ronald Kudoyi                         | 
 |                        Samwel Kanda                          | 
 |                        Shem Ogumbe                           | 
 |                        Silas Keneth                          | 
 |                                                              | 
 |                        DOCUMENTATION                         | 
 |                                                              | 
 |                        Jason Johnston                        | 
 |                                                              | 
 |                          ADVOCACY                            | 
 |                                                              | 
 |                       Waldek Mastykarz                       | 
 |                                                              | 
 |--------------------------------------------------------------| 
Information: KiotaBuilder Cleaning output directory C:\Users\samue\Documents\Github\Fegmm.Elvanto\.\Fegmm.Elvanto\Generated
Information: KiotaBuilder loaded description from local source
Information: KiotaBuilder Client root URL set to https://api.elvanto.com/v1
Information: KiotaBuilder loaded description from local source
